Arguments: 
  C:\Program Files\nodejs\node.exe C:\Users\kobsh\AppData\Roaming\npm\node_modules\yarn\bin\yarn.js add mongoose

PATH: 
  C:\Program Files\Eclipse Foundation\jdk-11.0.12.7-hotspot\bin;C:\Python310\Scripts\;C:\Python310\;C:\WINDOWS\system32;C:\WINDOWS;C:\WINDOWS\System32\Wbem;C:\WINDOWS\System32\WindowsPowerShell\v1.0\;C:\WINDOWS\System32\OpenSSH\;C:\ProgramData\chocolatey\bin;C:\Windows\System32\cmd.exe;C:\Program Files (x86)\VideoLAN\VLC;C:\Users\kobsh\Downloads\Compressed\netcat-win32-1.12;C:\Users\kobsh\AppData\Local\Android\Sdk\platform-tools;%MAVEN_HOME%\bin;C:\Program Files\nodejs\;C:\Program Files\Git\cmd;C:\Program Files\Docker\Docker\resources\bin;C:\ProgramData\DockerDesktop\version-bin;C:\Program Files\dotnet\;C:\Program Files\MySQL\MySQL Shell 8.0\bin\;C:\Users\kobsh\AppData\Local\Microsoft\WindowsApps;C:\Users\kobsh\AppData\Local\Programs\Microsoft VS Code\bin;C:\Program Files (x86)\Nmap;C:\Windows\System32\cmd.exe;C:\Program Files (x86)\VideoLAN\VLC;C:\Users\kobsh\Downloads\Compressed\netcat-win32-1.12;C:\Users\kobsh\AppData\Local\Android\Sdk\platform-tools;C:\Users\kobsh\AppData\Local\Android\Sdk\emulator;C:\Users\kobsh\Downloads\Compressed\watchman-v2022.01.03.00-linux\watchman-v2022.01.03.00-linux\bin;C:\Users\kobsh\AppData\Roaming\npm;

Yarn version: 
  1.22.17

Node version: 
  16.14.0

Platform: 
  win32 x64

Trace: 
  SyntaxError: C:\Users\kobsh\Documents\JAM\ems\package.json: Unexpected token , in JSON at position 226
      at JSON.parse (<anonymous>)
      at C:\Users\kobsh\AppData\Roaming\npm\node_modules\yarn\lib\cli.js:1625:59
      at Generator.next (<anonymous>)
      at step (C:\Users\kobsh\AppData\Roaming\npm\node_modules\yarn\lib\cli.js:310:30)
      at C:\Users\kobsh\AppData\Roaming\npm\node_modules\yarn\lib\cli.js:321:13

npm manifest: 
  {
    "name": "ems",
    "version": "1.0.0",
    "description": "Employee management system",
    "main": "index.js",
    "repository": "https://github.com/shallonkobusinge/ems.git",
    "author": "Shallon Kobusinge",
    "license": "MIT"
  },
  "scripts": {
    "start": "nodemon index.js"
  }

yarn manifest: 
  No manifest

Lockfile: 
  # THIS IS AN AUTOGENERATED FILE. DO NOT EDIT THIS FILE DIRECTLY.
  # yarn lockfile v1
